{
  "RSpec": {
    "coverage": {
      "/Users/ParkerGriep/Desktop/Learn/code-coverage-001/lib/jukebox.rb": [
        null,
        null,
        1,
        null,
        1,
        1,
        1,
        null,
        1,
        6,
        6,
        null,
        null,
        1,
        2,
        null,
        null,
        1,
        1,
        null,
        null,
        1,
        5,
        null,
        5,
        3,
        null,
        1,
        1,
        null,
        1,
        null,
        5,
        null,
        null,
        1,
        1,
        1,
        null,
        null,
        1,
        1,
        1,
        7,
        null,
        1,
        null,
        null,
        1,
        1,
        null,
        null,
        null
      ],
      "/Users/ParkerGriep/Desktop/Learn/code-coverage-001/lib/song.rb": [
        1,
        1,
        null,
        1,
        1,
        null,
        null
      ],
      "/Users/ParkerGriep/Desktop/Learn/code-coverage-001/spec/jukebox_spec.rb": [
        null,
        1,
        null,
        null,
        null,
        null,
        null,
        null,
        null,
        null,
        null,
        1,
        2,
        null,
        1,
        1,
        null,
        null,
        null,
        1,
        7,
        null,
        1,
        1,
        null,
        null,
        1,
        1,
        null,
        null,
        1,
        1,
        null,
        null,
        1,
        1,
        1,
        null,
        null,
        1,
        1,
        null,
        null,
        1,
        1,
        null,
        null
      ]
    },
    "timestamp": 1467335230
  }
}
